<?xml version="1.0" encoding="UTF-8"?>
<testsuite xmlns:xsi="http://www.w3.org/2001/XMLSchema-instance" xsi:schemaLocation="https://maven.apache.org/surefire/maven-surefire-plugin/xsd/surefire-test-report.xsd" name="es.cic.bootcamp.ejercicio001prueba.OperacionesTest" time="0.044" tests="4" errors="0" skipped="0" failures="4">
  <properties>
[...]
</properties>
  <testcase name="testSuma" classname="es.cic.bootcamp.ejercicio001prueba.OperacionesTest" time="0.04">
    <failure message="Not yet implemented" type="org.opentest4j.AssertionFailedError">org.opentest4j.AssertionFailedError: Not yet implemented
	at es.cic.bootcamp.ejercicio001prueba.OperacionesTest.testSuma(OperacionesTest.java:16)
</failure>
  </testcase>
  <testcase name="testToString" classname="es.cic.bootcamp.ejercicio001prueba.OperacionesTest" time="0">
    <failure message="Not yet implemented" type="org.opentest4j.AssertionFailedError">org.opentest4j.AssertionFailedError: Not yet implemented
	at es.cic.bootcamp.ejercicio001prueba.OperacionesTest.testToString(OperacionesTest.java:31)
</failure>
  </testcase>
  <testcase name="testHashCode" classname="es.cic.bootcamp.ejercicio001prueba.OperacionesTest" time="0">
    <failure message="Not yet implemented" type="org.opentest4j.AssertionFailedError">org.opentest4j.AssertionFailedError: Not yet implemented
	at es.cic.bootcamp.ejercicio001prueba.OperacionesTest.testHashCode(OperacionesTest.java:21)
</failure>
  </testcase>
  <testcase name="testEquals" classname="es.cic.bootcamp.ejercicio001prueba.OperacionesTest" time="0.001">
    <failure message="Not yet implemented" type="org.opentest4j.AssertionFailedError">org.opentest4j.AssertionFailedError: Not yet implemented
	at es.cic.bootcamp.ejercicio001prueba.OperacionesTest.testEquals(OperacionesTest.java:26)
</failure>
  </testcase>
</testsuite>